CIFAR-100 already downloaded.
 CIFAR-100 Dataset Loaded!
Train X shape: (45000, 3, 32, 32), Train Y shape: (45000,)
Val   X shape: (5000, 3, 32, 32), Val   Y shape: (5000,)
Test  X shape: (10000, 3, 32, 32), Test  Y shape: (10000,)
Coarse Labels - Train: (50000,), Test: (10000,)
[Epoch 1]
  Iter   0/703: Loss 5.6617
  Iter  10/703: Loss 5.2533
  Iter  20/703: Loss 4.7520
  Iter  30/703: Loss 4.6882
  Iter  40/703: Loss 4.5308
  Iter  50/703: Loss 4.4159
  Iter  60/703: Loss 4.5129
  Iter  70/703: Loss 4.5888
  Iter  80/703: Loss 4.4479
  Iter  90/703: Loss 4.3902
  Iter 100/703: Loss 4.3323
  Iter 110/703: Loss 4.3023
  Iter 120/703: Loss 4.2980
  Iter 130/703: Loss 4.2963
  Iter 140/703: Loss 4.5541
  Iter 150/703: Loss 4.3668
  Iter 160/703: Loss 4.2624
  Iter 170/703: Loss 4.2849
  Iter 180/703: Loss 4.2671
  Iter 190/703: Loss 4.3903
  Iter 200/703: Loss 4.0911
  Iter 210/703: Loss 3.9602
  Iter 220/703: Loss 3.9454
  Iter 230/703: Loss 4.1213
  Iter 240/703: Loss 3.9991
  Iter 250/703: Loss 3.8284
  Iter 260/703: Loss 3.9523
  Iter 270/703: Loss 3.8487
  Iter 280/703: Loss 4.1843
  Iter 290/703: Loss 3.8902
  Iter 300/703: Loss 3.7889
  Iter 310/703: Loss 3.9258
  Iter 320/703: Loss 3.7565
  Iter 330/703: Loss 3.7090
  Iter 340/703: Loss 3.9488
  Iter 350/703: Loss 3.7861
  Iter 360/703: Loss 3.8042
  Iter 370/703: Loss 4.0066
  Iter 380/703: Loss 3.7591
  Iter 390/703: Loss 3.7554
  Iter 400/703: Loss 3.6495
  Iter 410/703: Loss 3.8394
  Iter 420/703: Loss 4.0224
  Iter 430/703: Loss 3.7625
  Iter 440/703: Loss 3.8709
  Iter 450/703: Loss 3.6814
  Iter 460/703: Loss 3.9515
  Iter 470/703: Loss 3.6630
  Iter 480/703: Loss 3.7457
  Iter 490/703: Loss 3.7988
  Iter 500/703: Loss 3.6645
  Iter 510/703: Loss 3.8636
  Iter 520/703: Loss 3.5761
  Iter 530/703: Loss 3.5491
  Iter 540/703: Loss 3.8259
  Iter 550/703: Loss 3.4929
  Iter 560/703: Loss 3.6945
  Iter 570/703: Loss 3.8391
  Iter 580/703: Loss 3.5380
  Iter 590/703: Loss 3.5709
  Iter 600/703: Loss 3.5020
  Iter 610/703: Loss 3.4035
  Iter 620/703: Loss 3.4630
  Iter 630/703: Loss 3.2670
  Iter 640/703: Loss 3.5879
  Iter 650/703: Loss 3.3877
  Iter 660/703: Loss 3.5224
  Iter 670/703: Loss 3.5846
  Iter 680/703: Loss 3.3049
  Iter 690/703: Loss 3.8368
  Iter 700/703: Loss 3.5741
Train acc: 0.1720, Test acc: 0.1429

[Epoch 2]
  Iter   0/703: Loss 3.7070
  Iter  10/703: Loss 3.6823
  Iter  20/703: Loss 3.5588
  Iter  30/703: Loss 3.7311
  Iter  40/703: Loss 3.6939
  Iter  50/703: Loss 3.6387
  Iter  60/703: Loss 3.5421
  Iter  70/703: Loss 3.6279
  Iter  80/703: Loss 3.5803
  Iter  90/703: Loss 3.5711
  Iter 100/703: Loss 3.7706
  Iter 110/703: Loss 3.6217
  Iter 120/703: Loss 3.3171
  Iter 130/703: Loss 3.2250
  Iter 140/703: Loss 3.4666
  Iter 150/703: Loss 3.7631
  Iter 160/703: Loss 3.2675
  Iter 170/703: Loss 3.5953
  Iter 180/703: Loss 3.3057
  Iter 190/703: Loss 3.3054
  Iter 200/703: Loss 3.6971
  Iter 210/703: Loss 3.5497
  Iter 220/703: Loss 3.0978
  Iter 230/703: Loss 3.6818
  Iter 240/703: Loss 3.3542
  Iter 250/703: Loss 3.4730
  Iter 260/703: Loss 3.5737
  Iter 270/703: Loss 3.4185
  Iter 280/703: Loss 3.3811
  Iter 290/703: Loss 3.4263
  Iter 300/703: Loss 3.3001
  Iter 310/703: Loss 3.6627
  Iter 320/703: Loss 3.3488
  Iter 330/703: Loss 3.4304
  Iter 340/703: Loss 3.5115
  Iter 350/703: Loss 3.4621
  Iter 360/703: Loss 3.4013
  Iter 370/703: Loss 3.3818
  Iter 380/703: Loss 3.2037
  Iter 390/703: Loss 3.4483
  Iter 400/703: Loss 3.6418
  Iter 410/703: Loss 3.0728
  Iter 420/703: Loss 3.4135
  Iter 430/703: Loss 3.2169
  Iter 440/703: Loss 3.4152
  Iter 450/703: Loss 3.3857
  Iter 460/703: Loss 3.4592
  Iter 470/703: Loss 3.2027
  Iter 480/703: Loss 3.3464
  Iter 490/703: Loss 3.4090
  Iter 500/703: Loss 3.7368
  Iter 510/703: Loss 3.3866
  Iter 520/703: Loss 3.0876
  Iter 530/703: Loss 3.2071
  Iter 540/703: Loss 3.3009
  Iter 550/703: Loss 3.5004
  Iter 560/703: Loss 3.1350
  Iter 570/703: Loss 3.3887
  Iter 580/703: Loss 3.3179
  Iter 590/703: Loss 3.3096
  Iter 600/703: Loss 3.1636
  Iter 610/703: Loss 3.1767
  Iter 620/703: Loss 3.2620
  Iter 630/703: Loss 3.2881
  Iter 640/703: Loss 3.3795
  Iter 650/703: Loss 3.0538
  Iter 660/703: Loss 3.3687
  Iter 670/703: Loss 3.3869
  Iter 680/703: Loss 3.1296
  Iter 690/703: Loss 3.1964
  Iter 700/703: Loss 3.1460
Train acc: 0.2170, Test acc: 0.2020

[Epoch 3]
  Iter   0/703: Loss 3.0512
  Iter  10/703: Loss 3.1633
  Iter  20/703: Loss 3.6294
  Iter  30/703: Loss 3.0450
  Iter  40/703: Loss 3.2494
  Iter  50/703: Loss 3.1592
  Iter  60/703: Loss 3.3442
  Iter  70/703: Loss 3.5145
  Iter  80/703: Loss 2.9248
  Iter  90/703: Loss 3.0991
  Iter 100/703: Loss 3.0486
  Iter 110/703: Loss 3.2676
  Iter 120/703: Loss 2.9272
  Iter 130/703: Loss 2.7684
  Iter 140/703: Loss 2.9280
  Iter 150/703: Loss 3.1759
  Iter 160/703: Loss 3.2704
  Iter 170/703: Loss 3.0087
  Iter 180/703: Loss 3.1533
  Iter 190/703: Loss 3.1365
  Iter 200/703: Loss 3.2917
  Iter 210/703: Loss 2.8598
  Iter 220/703: Loss 2.8586
  Iter 230/703: Loss 3.2394
  Iter 240/703: Loss 2.9244
  Iter 250/703: Loss 3.1255
  Iter 260/703: Loss 3.0829
  Iter 270/703: Loss 3.0356
  Iter 280/703: Loss 3.2928
  Iter 290/703: Loss 3.1166
  Iter 300/703: Loss 3.2221
  Iter 310/703: Loss 3.2546
  Iter 320/703: Loss 3.2255
  Iter 330/703: Loss 3.1537
  Iter 340/703: Loss 3.0879
  Iter 350/703: Loss 3.2145
  Iter 360/703: Loss 2.8042
  Iter 370/703: Loss 3.1695
  Iter 380/703: Loss 2.9497
  Iter 390/703: Loss 3.2568
  Iter 400/703: Loss 2.8534
  Iter 410/703: Loss 2.9048
  Iter 420/703: Loss 3.1500
  Iter 430/703: Loss 2.7353
  Iter 440/703: Loss 3.3038
  Iter 450/703: Loss 3.1711
  Iter 460/703: Loss 3.3203
  Iter 470/703: Loss 2.9109
  Iter 480/703: Loss 2.8652
  Iter 490/703: Loss 2.8985
  Iter 500/703: Loss 3.1536
  Iter 510/703: Loss 2.8946
  Iter 520/703: Loss 2.9019
  Iter 530/703: Loss 2.8580
  Iter 540/703: Loss 3.3181
  Iter 550/703: Loss 2.7178
  Iter 560/703: Loss 2.8471
  Iter 570/703: Loss 2.8799
  Iter 580/703: Loss 3.1195
  Iter 590/703: Loss 3.0659
  Iter 600/703: Loss 3.1377
  Iter 610/703: Loss 3.0450
  Iter 620/703: Loss 2.9432
  Iter 630/703: Loss 3.1742
  Iter 640/703: Loss 3.1820
  Iter 650/703: Loss 2.9695
  Iter 660/703: Loss 3.0186
  Iter 670/703: Loss 3.0194
  Iter 680/703: Loss 2.8868
  Iter 690/703: Loss 2.7762
  Iter 700/703: Loss 2.9776
Train acc: 0.2590, Test acc: 0.2475

[Epoch 4]
  Iter   0/703: Loss 2.6718
  Iter  10/703: Loss 3.1406
  Iter  20/703: Loss 3.3112
  Iter  30/703: Loss 2.5632
  Iter  40/703: Loss 2.7343
  Iter  50/703: Loss 2.9759
  Iter  60/703: Loss 3.2302
  Iter  70/703: Loss 3.0078
  Iter  80/703: Loss 2.7865
  Iter  90/703: Loss 3.2859
  Iter 100/703: Loss 3.0897
  Iter 110/703: Loss 2.9642
  Iter 120/703: Loss 3.0971
  Iter 130/703: Loss 3.2640
  Iter 140/703: Loss 2.8420
  Iter 150/703: Loss 2.7727
  Iter 160/703: Loss 2.9605
  Iter 170/703: Loss 2.6634
  Iter 180/703: Loss 2.6695
  Iter 190/703: Loss 2.7065
  Iter 200/703: Loss 2.9653
  Iter 210/703: Loss 2.9593
  Iter 220/703: Loss 3.0258
  Iter 230/703: Loss 3.1132
  Iter 240/703: Loss 3.1521
  Iter 250/703: Loss 2.7898
  Iter 260/703: Loss 2.7687
  Iter 270/703: Loss 2.5037
  Iter 280/703: Loss 2.7171
  Iter 290/703: Loss 2.7355
  Iter 300/703: Loss 2.4068
  Iter 310/703: Loss 2.8192
  Iter 320/703: Loss 3.1184
  Iter 330/703: Loss 2.9156
  Iter 340/703: Loss 2.8091
  Iter 350/703: Loss 3.0251
  Iter 360/703: Loss 3.1717
  Iter 370/703: Loss 2.6195
  Iter 380/703: Loss 2.9746
  Iter 390/703: Loss 2.6991
  Iter 400/703: Loss 3.3263
  Iter 410/703: Loss 2.8373
  Iter 420/703: Loss 2.8455
  Iter 430/703: Loss 2.8469
  Iter 440/703: Loss 2.7754
  Iter 450/703: Loss 2.7585
  Iter 460/703: Loss 2.5889
  Iter 470/703: Loss 2.8888
  Iter 480/703: Loss 2.5713
  Iter 490/703: Loss 2.6736
  Iter 500/703: Loss 2.6977
  Iter 510/703: Loss 2.7366
  Iter 520/703: Loss 3.0751
  Iter 530/703: Loss 2.8915
  Iter 540/703: Loss 2.2611
  Iter 550/703: Loss 2.8959
  Iter 560/703: Loss 2.8095
  Iter 570/703: Loss 3.1693
  Iter 580/703: Loss 2.6851
  Iter 590/703: Loss 2.6143
  Iter 600/703: Loss 2.6778
  Iter 610/703: Loss 3.1578
  Iter 620/703: Loss 3.1784
  Iter 630/703: Loss 2.4759
  Iter 640/703: Loss 2.6535
  Iter 650/703: Loss 2.7028
  Iter 660/703: Loss 2.8450
  Iter 670/703: Loss 2.6465
  Iter 680/703: Loss 2.9027
  Iter 690/703: Loss 2.6462
  Iter 700/703: Loss 2.8454
Train acc: 0.2920, Test acc: 0.2758

[Epoch 5]
  Iter   0/703: Loss 2.5871
  Iter  10/703: Loss 2.7769
  Iter  20/703: Loss 2.7892
  Iter  30/703: Loss 2.9382
  Iter  40/703: Loss 2.4665
  Iter  50/703: Loss 2.5000
  Iter  60/703: Loss 2.6421
  Iter  70/703: Loss 2.7704
  Iter  80/703: Loss 2.7955
  Iter  90/703: Loss 3.1001
  Iter 100/703: Loss 2.5633
  Iter 110/703: Loss 2.6040
  Iter 120/703: Loss 2.5082
  Iter 130/703: Loss 2.4757
  Iter 140/703: Loss 2.6146
  Iter 150/703: Loss 2.6942
  Iter 160/703: Loss 2.8694
  Iter 170/703: Loss 2.8535
  Iter 180/703: Loss 2.7074
  Iter 190/703: Loss 2.6751
  Iter 200/703: Loss 2.8349
  Iter 210/703: Loss 2.7267
  Iter 220/703: Loss 2.6150
  Iter 230/703: Loss 2.5373
  Iter 240/703: Loss 2.3719
  Iter 250/703: Loss 2.5965
  Iter 260/703: Loss 3.0072
  Iter 270/703: Loss 2.7347
  Iter 280/703: Loss 2.8129
  Iter 290/703: Loss 2.7140
  Iter 300/703: Loss 2.6641
  Iter 310/703: Loss 2.4957
  Iter 320/703: Loss 2.6732
  Iter 330/703: Loss 3.1586
  Iter 340/703: Loss 2.8819
  Iter 350/703: Loss 2.9585
  Iter 360/703: Loss 2.3609
  Iter 370/703: Loss 2.6652
  Iter 380/703: Loss 2.3841
  Iter 390/703: Loss 2.6851
  Iter 400/703: Loss 2.8742
  Iter 410/703: Loss 2.6785
  Iter 420/703: Loss 2.2985
  Iter 430/703: Loss 2.6632
  Iter 440/703: Loss 3.0276
  Iter 450/703: Loss 2.6008
  Iter 460/703: Loss 2.2753
  Iter 470/703: Loss 2.3791
  Iter 480/703: Loss 2.9975
  Iter 490/703: Loss 2.7670
  Iter 500/703: Loss 2.4571
  Iter 510/703: Loss 2.5635
  Iter 520/703: Loss 2.2671
  Iter 530/703: Loss 2.6151
  Iter 540/703: Loss 2.5634
  Iter 550/703: Loss 2.6438
  Iter 560/703: Loss 2.4043
  Iter 570/703: Loss 2.4981
  Iter 580/703: Loss 2.5097
  Iter 590/703: Loss 2.8269
  Iter 600/703: Loss 2.4536
  Iter 610/703: Loss 2.8290
  Iter 620/703: Loss 2.3461
  Iter 630/703: Loss 2.4906
  Iter 640/703: Loss 2.5827
  Iter 650/703: Loss 2.4435
  Iter 660/703: Loss 2.5674
  Iter 670/703: Loss 2.3676
  Iter 680/703: Loss 2.2514
  Iter 690/703: Loss 2.6006
  Iter 700/703: Loss 2.5462
Train acc: 0.3390, Test acc: 0.3056

[Epoch 6]
  Iter   0/703: Loss 2.3658
  Iter  10/703: Loss 2.3227
  Iter  20/703: Loss 2.4414
  Iter  30/703: Loss 2.8292
  Iter  40/703: Loss 2.4765
  Iter  50/703: Loss 2.2479
  Iter  60/703: Loss 2.6170
  Iter  70/703: Loss 2.2449
  Iter  80/703: Loss 2.8421
  Iter  90/703: Loss 2.2753
  Iter 100/703: Loss 2.7525
  Iter 110/703: Loss 2.4730
  Iter 120/703: Loss 2.3741
  Iter 130/703: Loss 2.4344
  Iter 140/703: Loss 2.7365
  Iter 150/703: Loss 2.6888
  Iter 160/703: Loss 2.5542
  Iter 170/703: Loss 2.5172
  Iter 180/703: Loss 2.4387
  Iter 190/703: Loss 3.0027
  Iter 200/703: Loss 2.5663
  Iter 210/703: Loss 2.5669
  Iter 220/703: Loss 2.8750
  Iter 230/703: Loss 2.5421
  Iter 240/703: Loss 2.5200
  Iter 250/703: Loss 2.7344
  Iter 260/703: Loss 2.5822
  Iter 270/703: Loss 2.9848
  Iter 280/703: Loss 2.4320
  Iter 290/703: Loss 2.7319
  Iter 300/703: Loss 2.2294
  Iter 310/703: Loss 2.6336
  Iter 320/703: Loss 2.5371
  Iter 330/703: Loss 2.4541
  Iter 340/703: Loss 3.0243
  Iter 350/703: Loss 2.5108
  Iter 360/703: Loss 2.2082
  Iter 370/703: Loss 2.2831
  Iter 380/703: Loss 2.0960
  Iter 390/703: Loss 2.3036
  Iter 400/703: Loss 2.6529
  Iter 410/703: Loss 2.3860
  Iter 420/703: Loss 2.7640
  Iter 430/703: Loss 2.7754
  Iter 440/703: Loss 2.5318
  Iter 450/703: Loss 2.3494
  Iter 460/703: Loss 2.4706
  Iter 470/703: Loss 2.4796
  Iter 480/703: Loss 2.7648
  Iter 490/703: Loss 2.4565
  Iter 500/703: Loss 2.2402
  Iter 510/703: Loss 2.6083
  Iter 520/703: Loss 2.4980
  Iter 530/703: Loss 2.5045
  Iter 540/703: Loss 1.9769
  Iter 550/703: Loss 2.6051
  Iter 560/703: Loss 2.5359
  Iter 570/703: Loss 2.6744
  Iter 580/703: Loss 2.3139
  Iter 590/703: Loss 2.3378
  Iter 600/703: Loss 2.1922
  Iter 610/703: Loss 2.5561
  Iter 620/703: Loss 2.4584
  Iter 630/703: Loss 2.3953
  Iter 640/703: Loss 2.2750
  Iter 650/703: Loss 2.6566
  Iter 660/703: Loss 2.5011
  Iter 670/703: Loss 2.5369
  Iter 680/703: Loss 2.6555
  Iter 690/703: Loss 2.3446
  Iter 700/703: Loss 2.6177
Train acc: 0.3900, Test acc: 0.3162

[Epoch 7]
  Iter   0/703: Loss 2.7817
  Iter  10/703: Loss 2.4736
  Iter  20/703: Loss 2.2168
  Iter  30/703: Loss 2.5905
  Iter  40/703: Loss 2.3420
  Iter  50/703: Loss 2.5611
  Iter  60/703: Loss 2.5192
  Iter  70/703: Loss 2.5354
  Iter  80/703: Loss 2.3204
  Iter  90/703: Loss 2.5428
  Iter 100/703: Loss 2.2546
  Iter 110/703: Loss 2.0763
  Iter 120/703: Loss 2.4172
  Iter 130/703: Loss 2.1737
  Iter 140/703: Loss 2.4319
  Iter 150/703: Loss 2.2746
  Iter 160/703: Loss 2.5397
  Iter 170/703: Loss 2.4874
  Iter 180/703: Loss 2.6520
  Iter 190/703: Loss 2.2900
  Iter 200/703: Loss 2.3586
  Iter 210/703: Loss 2.5328
  Iter 220/703: Loss 2.2671
  Iter 230/703: Loss 2.1439
  Iter 240/703: Loss 2.6756
  Iter 250/703: Loss 2.4896
  Iter 260/703: Loss 2.1449
  Iter 270/703: Loss 2.4366
  Iter 280/703: Loss 2.1544
  Iter 290/703: Loss 2.3890
  Iter 300/703: Loss 2.7679
  Iter 310/703: Loss 2.7904
  Iter 320/703: Loss 2.5332
  Iter 330/703: Loss 2.2821
  Iter 340/703: Loss 2.0557
  Iter 350/703: Loss 2.5521
  Iter 360/703: Loss 2.4188
  Iter 370/703: Loss 2.3808
  Iter 380/703: Loss 2.4961
  Iter 390/703: Loss 2.5473
  Iter 400/703: Loss 2.5867
  Iter 410/703: Loss 2.1149
  Iter 420/703: Loss 2.1752
  Iter 430/703: Loss 2.2758
  Iter 440/703: Loss 2.5587
  Iter 450/703: Loss 2.0462
  Iter 460/703: Loss 2.4773
  Iter 470/703: Loss 2.2725
  Iter 480/703: Loss 2.4220
  Iter 490/703: Loss 2.0515
  Iter 500/703: Loss 2.4602
  Iter 510/703: Loss 2.3549
  Iter 520/703: Loss 2.3352
  Iter 530/703: Loss 2.4723
  Iter 540/703: Loss 2.8015
  Iter 550/703: Loss 2.3006
  Iter 560/703: Loss 2.2710
  Iter 570/703: Loss 2.2707
  Iter 580/703: Loss 2.3073
  Iter 590/703: Loss 2.4610
  Iter 600/703: Loss 2.5768
  Iter 610/703: Loss 2.0494
  Iter 620/703: Loss 2.1532
  Iter 630/703: Loss 2.2538
  Iter 640/703: Loss 2.7643
  Iter 650/703: Loss 2.4990
  Iter 660/703: Loss 2.3414
  Iter 670/703: Loss 2.1808
  Iter 680/703: Loss 2.3103
  Iter 690/703: Loss 2.4458
  Iter 700/703: Loss 2.8944
Train acc: 0.4290, Test acc: 0.3381

[Epoch 8]
  Iter   0/703: Loss 2.3455
  Iter  10/703: Loss 3.0633
  Iter  20/703: Loss 2.0825
  Iter  30/703: Loss 1.9961
  Iter  40/703: Loss 2.2176
  Iter  50/703: Loss 2.1131
  Iter  60/703: Loss 2.4757
  Iter  70/703: Loss 1.8784
  Iter  80/703: Loss 2.4341
  Iter  90/703: Loss 2.3266
  Iter 100/703: Loss 2.1197
  Iter 110/703: Loss 2.5638
  Iter 120/703: Loss 2.0607
  Iter 130/703: Loss 2.0544
  Iter 140/703: Loss 2.0995
  Iter 150/703: Loss 2.2977
  Iter 160/703: Loss 2.0380
  Iter 170/703: Loss 2.4134
  Iter 180/703: Loss 2.1309
  Iter 190/703: Loss 2.6830
  Iter 200/703: Loss 2.2209
  Iter 210/703: Loss 2.1279
  Iter 220/703: Loss 1.9614
  Iter 230/703: Loss 2.4347
  Iter 240/703: Loss 2.6010
  Iter 250/703: Loss 2.2422
  Iter 260/703: Loss 2.0856
  Iter 270/703: Loss 2.2405
  Iter 280/703: Loss 1.8768
  Iter 290/703: Loss 2.0510
  Iter 300/703: Loss 2.5409
  Iter 310/703: Loss 2.2242
  Iter 320/703: Loss 2.0501
  Iter 330/703: Loss 2.3718
  Iter 340/703: Loss 2.3074
  Iter 350/703: Loss 2.3919
  Iter 360/703: Loss 2.1631
  Iter 370/703: Loss 2.2420
  Iter 380/703: Loss 2.2157
  Iter 390/703: Loss 1.9283
  Iter 400/703: Loss 1.9878
  Iter 410/703: Loss 2.0577
  Iter 420/703: Loss 1.8680
  Iter 430/703: Loss 2.3692
  Iter 440/703: Loss 2.2024
  Iter 450/703: Loss 2.1143
  Iter 460/703: Loss 2.1892
  Iter 470/703: Loss 2.0552
  Iter 480/703: Loss 1.8591
  Iter 490/703: Loss 2.4347
  Iter 500/703: Loss 1.9512
  Iter 510/703: Loss 2.2529
  Iter 520/703: Loss 2.4703
  Iter 530/703: Loss 1.9643
  Iter 540/703: Loss 2.3023
  Iter 550/703: Loss 2.4002
  Iter 560/703: Loss 2.1478
  Iter 570/703: Loss 2.3831
  Iter 580/703: Loss 2.0831
  Iter 590/703: Loss 2.1357
  Iter 600/703: Loss 2.1592
  Iter 610/703: Loss 2.2827
  Iter 620/703: Loss 2.5213
  Iter 630/703: Loss 2.0415
  Iter 640/703: Loss 2.0873
  Iter 650/703: Loss 2.4980
  Iter 660/703: Loss 2.2352
  Iter 670/703: Loss 2.2500
  Iter 680/703: Loss 2.4197
  Iter 690/703: Loss 2.2748
  Iter 700/703: Loss 2.3657
Train acc: 0.4410, Test acc: 0.3548

[Epoch 9]
  Iter   0/703: Loss 2.1017
  Iter  10/703: Loss 2.3804
  Iter  20/703: Loss 2.3234
  Iter  30/703: Loss 2.0855
  Iter  40/703: Loss 2.1662
  Iter  50/703: Loss 2.0413
  Iter  60/703: Loss 2.4705
  Iter  70/703: Loss 2.3830
  Iter  80/703: Loss 2.2085
  Iter  90/703: Loss 2.3628
  Iter 100/703: Loss 2.1209
  Iter 110/703: Loss 2.1683
  Iter 120/703: Loss 2.0373
  Iter 130/703: Loss 2.1486
  Iter 140/703: Loss 2.2569
  Iter 150/703: Loss 1.8921
  Iter 160/703: Loss 2.2957
  Iter 170/703: Loss 2.2905
  Iter 180/703: Loss 2.3155
  Iter 190/703: Loss 1.9085
  Iter 200/703: Loss 2.2556
  Iter 210/703: Loss 1.9454
  Iter 220/703: Loss 1.9343
  Iter 230/703: Loss 2.4007
  Iter 240/703: Loss 1.8983
  Iter 250/703: Loss 2.3850
  Iter 260/703: Loss 2.1394
  Iter 270/703: Loss 2.1632
  Iter 280/703: Loss 2.2768
  Iter 290/703: Loss 2.1283
  Iter 300/703: Loss 2.1417
  Iter 310/703: Loss 2.1589
  Iter 320/703: Loss 1.9970
  Iter 330/703: Loss 2.2155
  Iter 340/703: Loss 2.6770
  Iter 350/703: Loss 1.9169
  Iter 360/703: Loss 2.0969
  Iter 370/703: Loss 2.0429
  Iter 380/703: Loss 2.2561
  Iter 390/703: Loss 2.4226
  Iter 400/703: Loss 1.7830
  Iter 410/703: Loss 1.9433
  Iter 420/703: Loss 2.1587
  Iter 430/703: Loss 2.2635
  Iter 440/703: Loss 1.9839
  Iter 450/703: Loss 2.0772
  Iter 460/703: Loss 1.9186
  Iter 470/703: Loss 2.3968
  Iter 480/703: Loss 2.0637
  Iter 490/703: Loss 2.0921
  Iter 500/703: Loss 2.3915
  Iter 510/703: Loss 2.0565
  Iter 520/703: Loss 2.0371
  Iter 530/703: Loss 2.2506
  Iter 540/703: Loss 2.1846
  Iter 550/703: Loss 2.2489
  Iter 560/703: Loss 2.0239
  Iter 570/703: Loss 1.7674
  Iter 580/703: Loss 2.1533
  Iter 590/703: Loss 1.9326
  Iter 600/703: Loss 1.8333
  Iter 610/703: Loss 2.1775
  Iter 620/703: Loss 2.2864
  Iter 630/703: Loss 2.3468
  Iter 640/703: Loss 1.7536
  Iter 650/703: Loss 1.7253
  Iter 660/703: Loss 1.8918
  Iter 670/703: Loss 2.2696
  Iter 680/703: Loss 1.8813
  Iter 690/703: Loss 2.0374
  Iter 700/703: Loss 2.6463
Train acc: 0.4770, Test acc: 0.3604

[Epoch 10]
  Iter   0/703: Loss 2.1415
  Iter  10/703: Loss 2.4512
  Iter  20/703: Loss 2.2848
  Iter  30/703: Loss 1.7156
  Iter  40/703: Loss 1.7718
  Iter  50/703: Loss 1.8185
  Iter  60/703: Loss 2.1692
  Iter  70/703: Loss 1.8525
  Iter  80/703: Loss 1.8104
  Iter  90/703: Loss 2.3992
  Iter 100/703: Loss 2.1761
  Iter 110/703: Loss 1.8726
  Iter 120/703: Loss 1.8809
  Iter 130/703: Loss 1.9963
  Iter 140/703: Loss 2.1976
  Iter 150/703: Loss 2.2204
  Iter 160/703: Loss 1.6703
  Iter 170/703: Loss 2.0162
  Iter 180/703: Loss 1.9028
  Iter 190/703: Loss 1.7825
  Iter 200/703: Loss 1.9050
  Iter 210/703: Loss 2.1402
  Iter 220/703: Loss 2.1958
  Iter 230/703: Loss 2.2376
  Iter 240/703: Loss 2.1133
  Iter 250/703: Loss 1.7201
  Iter 260/703: Loss 2.1592
  Iter 270/703: Loss 2.2823
  Iter 280/703: Loss 2.2377
  Iter 290/703: Loss 2.0333
  Iter 300/703: Loss 1.8411
  Iter 310/703: Loss 2.1677
  Iter 320/703: Loss 2.2467
  Iter 330/703: Loss 1.9677
  Iter 340/703: Loss 1.6607
  Iter 350/703: Loss 1.9498
  Iter 360/703: Loss 1.7868
  Iter 370/703: Loss 2.3081
  Iter 380/703: Loss 1.6912
  Iter 390/703: Loss 2.3480
  Iter 400/703: Loss 2.0344
  Iter 410/703: Loss 2.1457
  Iter 420/703: Loss 1.9401
  Iter 430/703: Loss 2.0759
  Iter 440/703: Loss 2.1603
  Iter 450/703: Loss 1.7934
  Iter 460/703: Loss 1.7024
  Iter 470/703: Loss 2.1580
  Iter 480/703: Loss 2.0587
  Iter 490/703: Loss 2.3446
  Iter 500/703: Loss 1.9341
  Iter 510/703: Loss 1.9485
  Iter 520/703: Loss 1.8415
  Iter 530/703: Loss 2.1252
  Iter 540/703: Loss 1.9288
  Iter 550/703: Loss 2.1908
  Iter 560/703: Loss 1.8137
  Iter 570/703: Loss 1.9766
  Iter 580/703: Loss 2.0171
  Iter 590/703: Loss 1.9333
  Iter 600/703: Loss 1.8714
  Iter 610/703: Loss 2.2141
  Iter 620/703: Loss 1.8061
  Iter 630/703: Loss 1.8774
  Iter 640/703: Loss 2.0239
  Iter 650/703: Loss 2.3012
  Iter 660/703: Loss 2.0632
  Iter 670/703: Loss 2.0398
  Iter 680/703: Loss 1.9341
  Iter 690/703: Loss 2.2402
  Iter 700/703: Loss 1.7845
Train acc: 0.4890, Test acc: 0.3689

[Epoch 11]
  Iter   0/703: Loss 2.1640
  Iter  10/703: Loss 2.0679
  Iter  20/703: Loss 2.1219
  Iter  30/703: Loss 2.1125
  Iter  40/703: Loss 2.1851
  Iter  50/703: Loss 1.9763
  Iter  60/703: Loss 1.5311
  Iter  70/703: Loss 2.1440
  Iter  80/703: Loss 2.0795
  Iter  90/703: Loss 2.0646
  Iter 100/703: Loss 2.0110
  Iter 110/703: Loss 1.9918
  Iter 120/703: Loss 1.8541
  Iter 130/703: Loss 1.9805
  Iter 140/703: Loss 1.9497
  Iter 150/703: Loss 1.4859
  Iter 160/703: Loss 1.9999
  Iter 170/703: Loss 2.2715
  Iter 180/703: Loss 1.9999
  Iter 190/703: Loss 2.1058
  Iter 200/703: Loss 2.2297
  Iter 210/703: Loss 1.9181
  Iter 220/703: Loss 1.7331
  Iter 230/703: Loss 2.1495
  Iter 240/703: Loss 2.0697
  Iter 250/703: Loss 1.8810
  Iter 260/703: Loss 1.9609
  Iter 270/703: Loss 1.7754
  Iter 280/703: Loss 1.8647
  Iter 290/703: Loss 1.9929
  Iter 300/703: Loss 2.2135
  Iter 310/703: Loss 1.8243
  Iter 320/703: Loss 2.0628
  Iter 330/703: Loss 2.1880
  Iter 340/703: Loss 2.0200
  Iter 350/703: Loss 1.7208
  Iter 360/703: Loss 2.1071
  Iter 370/703: Loss 2.2381
  Iter 380/703: Loss 1.8247
  Iter 390/703: Loss 1.3760
  Iter 400/703: Loss 2.1659
  Iter 410/703: Loss 1.8477
  Iter 420/703: Loss 1.9177
  Iter 430/703: Loss 1.9797
  Iter 440/703: Loss 1.6465
  Iter 450/703: Loss 1.9439
  Iter 460/703: Loss 1.7564
  Iter 470/703: Loss 1.7081
  Iter 480/703: Loss 1.6962
  Iter 490/703: Loss 1.9488
  Iter 500/703: Loss 2.1222
  Iter 510/703: Loss 2.1182
  Iter 520/703: Loss 1.8965
  Iter 530/703: Loss 2.1428
  Iter 540/703: Loss 1.9284
  Iter 550/703: Loss 2.1296
  Iter 560/703: Loss 1.7837
  Iter 570/703: Loss 1.8118
  Iter 580/703: Loss 2.0545
  Iter 590/703: Loss 1.8395
  Iter 600/703: Loss 2.0192
  Iter 610/703: Loss 1.7495
  Iter 620/703: Loss 1.8017
  Iter 630/703: Loss 1.9975
  Iter 640/703: Loss 1.9100
  Iter 650/703: Loss 1.9809
  Iter 660/703: Loss 1.4820
  Iter 670/703: Loss 2.0485
  Iter 680/703: Loss 1.9960
  Iter 690/703: Loss 1.9121
  Iter 700/703: Loss 1.9429
Train acc: 0.5200, Test acc: 0.3686

[Epoch 12]
  Iter   0/703: Loss 2.0066
  Iter  10/703: Loss 1.9404
  Iter  20/703: Loss 1.8566
  Iter  30/703: Loss 1.9398
  Iter  40/703: Loss 2.0556
  Iter  50/703: Loss 1.8690
  Iter  60/703: Loss 1.8277
  Iter  70/703: Loss 1.9865
  Iter  80/703: Loss 2.2018
  Iter  90/703: Loss 1.8435
  Iter 100/703: Loss 1.8230
  Iter 110/703: Loss 1.8674
  Iter 120/703: Loss 1.8427
  Iter 130/703: Loss 1.7174
  Iter 140/703: Loss 1.8906
  Iter 150/703: Loss 1.7538
  Iter 160/703: Loss 2.0426
  Iter 170/703: Loss 2.1046
  Iter 180/703: Loss 2.0774
  Iter 190/703: Loss 2.3009
  Iter 200/703: Loss 2.1883
  Iter 210/703: Loss 1.8313
  Iter 220/703: Loss 2.3386
  Iter 230/703: Loss 2.0182
  Iter 240/703: Loss 1.9854
  Iter 250/703: Loss 1.8495
  Iter 260/703: Loss 2.0526
  Iter 270/703: Loss 1.8662
  Iter 280/703: Loss 2.0917
  Iter 290/703: Loss 1.5443
  Iter 300/703: Loss 1.5232
  Iter 310/703: Loss 1.6222
  Iter 320/703: Loss 1.7681
  Iter 330/703: Loss 1.8198
  Iter 340/703: Loss 1.8490
  Iter 350/703: Loss 1.8834
  Iter 360/703: Loss 1.6346
  Iter 370/703: Loss 2.0843
  Iter 380/703: Loss 1.6845
  Iter 390/703: Loss 1.6594
  Iter 400/703: Loss 2.1025
  Iter 410/703: Loss 1.7104
  Iter 420/703: Loss 1.4650
  Iter 430/703: Loss 1.8627
  Iter 440/703: Loss 1.6358
  Iter 450/703: Loss 2.0323
  Iter 460/703: Loss 1.8513
  Iter 470/703: Loss 1.8185
  Iter 480/703: Loss 2.0412
  Iter 490/703: Loss 1.5493
  Iter 500/703: Loss 1.9837
  Iter 510/703: Loss 1.9908
  Iter 520/703: Loss 1.7121
  Iter 530/703: Loss 1.8236
  Iter 540/703: Loss 1.7596
  Iter 550/703: Loss 1.8831
  Iter 560/703: Loss 1.9242
  Iter 570/703: Loss 1.7243
  Iter 580/703: Loss 1.6526
  Iter 590/703: Loss 1.9227
  Iter 600/703: Loss 2.1933
  Iter 610/703: Loss 1.9051
  Iter 620/703: Loss 1.8037
  Iter 630/703: Loss 1.4741
  Iter 640/703: Loss 1.6067
  Iter 650/703: Loss 1.7248
  Iter 660/703: Loss 1.7985
  Iter 670/703: Loss 1.8164
  Iter 680/703: Loss 1.9887
  Iter 690/703: Loss 1.8485
  Iter 700/703: Loss 2.0235
Train acc: 0.5300, Test acc: 0.3727

[Epoch 13]
  Iter   0/703: Loss 1.9316
  Iter  10/703: Loss 1.7171
  Iter  20/703: Loss 1.7306
  Iter  30/703: Loss 2.0362
  Iter  40/703: Loss 1.8395
  Iter  50/703: Loss 1.6036
  Iter  60/703: Loss 1.8989
  Iter  70/703: Loss 1.7484
  Iter  80/703: Loss 1.9945
  Iter  90/703: Loss 1.7242
  Iter 100/703: Loss 2.1685
  Iter 110/703: Loss 1.9546
  Iter 120/703: Loss 2.0545
  Iter 130/703: Loss 1.6758
  Iter 140/703: Loss 1.4975
  Iter 150/703: Loss 1.8075
  Iter 160/703: Loss 1.9486
  Iter 170/703: Loss 1.8557
  Iter 180/703: Loss 1.8917
  Iter 190/703: Loss 1.9071
  Iter 200/703: Loss 1.9789
  Iter 210/703: Loss 2.0525
  Iter 220/703: Loss 2.1709
  Iter 230/703: Loss 1.3345
  Iter 240/703: Loss 2.3338
  Iter 250/703: Loss 1.5613
  Iter 260/703: Loss 1.7966
  Iter 270/703: Loss 1.5092
  Iter 280/703: Loss 1.4896
  Iter 290/703: Loss 1.6932
  Iter 300/703: Loss 1.8580
  Iter 310/703: Loss 2.0215
  Iter 320/703: Loss 1.7594
  Iter 330/703: Loss 1.5592
  Iter 340/703: Loss 1.7646
  Iter 350/703: Loss 1.6980
  Iter 360/703: Loss 1.6743
  Iter 370/703: Loss 1.7000
  Iter 380/703: Loss 1.7056
  Iter 390/703: Loss 1.7848
  Iter 400/703: Loss 1.9617
  Iter 410/703: Loss 1.6574
  Iter 420/703: Loss 1.5003
  Iter 430/703: Loss 1.9420
  Iter 440/703: Loss 1.6552
  Iter 450/703: Loss 1.8446
  Iter 460/703: Loss 1.7593
  Iter 470/703: Loss 1.9287
  Iter 480/703: Loss 1.8437
  Iter 490/703: Loss 1.5602
  Iter 500/703: Loss 1.6027
  Iter 510/703: Loss 1.7620
  Iter 520/703: Loss 1.5874
  Iter 530/703: Loss 1.9322
  Iter 540/703: Loss 2.1024
  Iter 550/703: Loss 1.8327
  Iter 560/703: Loss 1.6805
  Iter 570/703: Loss 1.7871
  Iter 580/703: Loss 1.8938
  Iter 590/703: Loss 1.9966
  Iter 600/703: Loss 1.9545
  Iter 610/703: Loss 1.8737
  Iter 620/703: Loss 1.8121
  Iter 630/703: Loss 1.5372
  Iter 640/703: Loss 1.5746
  Iter 650/703: Loss 1.7860
  Iter 660/703: Loss 1.7106
  Iter 670/703: Loss 1.9024
  Iter 680/703: Loss 1.7428
  Iter 690/703: Loss 1.8624
  Iter 700/703: Loss 1.4097
Train acc: 0.5220, Test acc: 0.3721

[Epoch 14]
  Iter   0/703: Loss 1.6054
  Iter  10/703: Loss 1.6504
  Iter  20/703: Loss 1.7511
  Iter  30/703: Loss 1.7749
  Iter  40/703: Loss 1.7542
  Iter  50/703: Loss 1.4632
  Iter  60/703: Loss 2.1660
  Iter  70/703: Loss 1.6859
  Iter  80/703: Loss 1.8007
  Iter  90/703: Loss 1.6420
  Iter 100/703: Loss 1.9381
  Iter 110/703: Loss 1.7686
  Iter 120/703: Loss 2.1451
  Iter 130/703: Loss 1.9131
  Iter 140/703: Loss 2.0730
  Iter 150/703: Loss 1.9196
  Iter 160/703: Loss 1.7128
  Iter 170/703: Loss 1.6922
  Iter 180/703: Loss 1.7295
  Iter 190/703: Loss 1.7325
  Iter 200/703: Loss 1.4815
  Iter 210/703: Loss 1.4329
  Iter 220/703: Loss 2.0266
  Iter 230/703: Loss 1.6225
  Iter 240/703: Loss 1.6283
  Iter 250/703: Loss 1.7649
  Iter 260/703: Loss 1.7962
  Iter 270/703: Loss 1.5206
  Iter 280/703: Loss 1.7946
  Iter 290/703: Loss 1.6775
  Iter 300/703: Loss 1.2816
  Iter 310/703: Loss 1.5188
  Iter 320/703: Loss 1.7256
  Iter 330/703: Loss 1.7566
  Iter 340/703: Loss 1.7573
  Iter 350/703: Loss 1.3302
  Iter 360/703: Loss 1.4932
  Iter 370/703: Loss 1.5962
  Iter 380/703: Loss 1.8939
  Iter 390/703: Loss 1.4244
  Iter 400/703: Loss 1.7889
  Iter 410/703: Loss 1.6860
  Iter 420/703: Loss 1.4687
  Iter 430/703: Loss 1.6087
  Iter 440/703: Loss 1.3911
  Iter 450/703: Loss 1.7200
  Iter 460/703: Loss 1.8447
  Iter 470/703: Loss 1.7017
  Iter 480/703: Loss 1.7365
  Iter 490/703: Loss 1.4750
  Iter 500/703: Loss 1.6343
  Iter 510/703: Loss 1.5387
  Iter 520/703: Loss 1.7417
  Iter 530/703: Loss 1.8595
  Iter 540/703: Loss 1.5516
  Iter 550/703: Loss 1.7638
  Iter 560/703: Loss 1.7255
  Iter 570/703: Loss 1.5914
  Iter 580/703: Loss 1.5270
  Iter 590/703: Loss 1.7486
  Iter 600/703: Loss 1.4099
  Iter 610/703: Loss 1.9368
  Iter 620/703: Loss 1.8541
  Iter 630/703: Loss 1.6979
  Iter 640/703: Loss 1.6212
  Iter 650/703: Loss 2.0375
  Iter 660/703: Loss 1.4771
  Iter 670/703: Loss 1.5714
  Iter 680/703: Loss 1.7141
  Iter 690/703: Loss 1.6019
  Iter 700/703: Loss 1.5393
Train acc: 0.5610, Test acc: 0.3802

[Epoch 15]
  Iter   0/703: Loss 1.7335
  Iter  10/703: Loss 1.8662
  Iter  20/703: Loss 1.9091
  Iter  30/703: Loss 1.6645
  Iter  40/703: Loss 1.1721
  Iter  50/703: Loss 1.4721
  Iter  60/703: Loss 1.6872
  Iter  70/703: Loss 1.7284
  Iter  80/703: Loss 1.7208
  Iter  90/703: Loss 1.5618
  Iter 100/703: Loss 1.9892
  Iter 110/703: Loss 1.6552
  Iter 120/703: Loss 1.5140
  Iter 130/703: Loss 1.6883
  Iter 140/703: Loss 1.3082
  Iter 150/703: Loss 1.6272
  Iter 160/703: Loss 1.7850
  Iter 170/703: Loss 1.9072
  Iter 180/703: Loss 1.5467
  Iter 190/703: Loss 1.6177
  Iter 200/703: Loss 1.8323
  Iter 210/703: Loss 1.7234
  Iter 220/703: Loss 1.7380
  Iter 230/703: Loss 2.0493
  Iter 240/703: Loss 1.7818
  Iter 250/703: Loss 1.7732
  Iter 260/703: Loss 1.3441
  Iter 270/703: Loss 1.7935
  Iter 280/703: Loss 1.7658
  Iter 290/703: Loss 1.5441
  Iter 300/703: Loss 1.6905
  Iter 310/703: Loss 1.7778
  Iter 320/703: Loss 1.4861
  Iter 330/703: Loss 1.6977
  Iter 340/703: Loss 1.6147
  Iter 350/703: Loss 1.6235
  Iter 360/703: Loss 1.4261
  Iter 370/703: Loss 1.5623
  Iter 380/703: Loss 1.3967
  Iter 390/703: Loss 1.6678
  Iter 400/703: Loss 1.6103
  Iter 410/703: Loss 1.6196
  Iter 420/703: Loss 1.8983
  Iter 430/703: Loss 1.5981
  Iter 440/703: Loss 1.5822
  Iter 450/703: Loss 1.9384
  Iter 460/703: Loss 1.6375
  Iter 470/703: Loss 1.6122
  Iter 480/703: Loss 2.0048
  Iter 490/703: Loss 1.8068
  Iter 500/703: Loss 1.4336
  Iter 510/703: Loss 1.5888
  Iter 520/703: Loss 1.7307
  Iter 530/703: Loss 1.6189
  Iter 540/703: Loss 1.6535
  Iter 550/703: Loss 1.5871
  Iter 560/703: Loss 1.5933
  Iter 570/703: Loss 1.4682
  Iter 580/703: Loss 1.4087
  Iter 590/703: Loss 1.4856
  Iter 600/703: Loss 1.4988
  Iter 610/703: Loss 1.6048
  Iter 620/703: Loss 1.3183
  Iter 630/703: Loss 1.4656
  Iter 640/703: Loss 1.4997
  Iter 650/703: Loss 1.6012
  Iter 660/703: Loss 1.6305
  Iter 670/703: Loss 1.5685
  Iter 680/703: Loss 1.8094
  Iter 690/703: Loss 1.4047
  Iter 700/703: Loss 1.4843
Train acc: 0.5780, Test acc: 0.3786

[Epoch 16]
  Iter   0/703: Loss 1.7664
  Iter  10/703: Loss 1.5712
  Iter  20/703: Loss 1.6646
  Iter  30/703: Loss 1.5085
  Iter  40/703: Loss 1.4456
  Iter  50/703: Loss 1.9359
  Iter  60/703: Loss 1.7526
  Iter  70/703: Loss 1.8038
  Iter  80/703: Loss 1.5224
  Iter  90/703: Loss 1.5611
  Iter 100/703: Loss 1.8073
  Iter 110/703: Loss 1.6890
  Iter 120/703: Loss 1.7106
  Iter 130/703: Loss 1.3541
  Iter 140/703: Loss 1.6124
  Iter 150/703: Loss 1.8298
  Iter 160/703: Loss 1.5970
  Iter 170/703: Loss 1.6314
  Iter 180/703: Loss 1.9834
  Iter 190/703: Loss 1.5102
  Iter 200/703: Loss 1.4740
  Iter 210/703: Loss 1.4389
  Iter 220/703: Loss 1.3496
  Iter 230/703: Loss 1.6358
  Iter 240/703: Loss 1.6987
  Iter 250/703: Loss 1.5870
  Iter 260/703: Loss 1.4726
  Iter 270/703: Loss 1.4935
  Iter 280/703: Loss 1.3023
  Iter 290/703: Loss 1.6509
  Iter 300/703: Loss 1.8673
  Iter 310/703: Loss 1.5417
  Iter 320/703: Loss 1.3447
  Iter 330/703: Loss 1.3697
  Iter 340/703: Loss 1.9425
  Iter 350/703: Loss 1.7246
  Iter 360/703: Loss 1.6370
  Iter 370/703: Loss 1.5305
  Iter 380/703: Loss 1.7340
  Iter 390/703: Loss 1.3373
  Iter 400/703: Loss 1.7293
  Iter 410/703: Loss 1.7091
  Iter 420/703: Loss 1.6639
  Iter 430/703: Loss 1.6504
  Iter 440/703: Loss 1.8022
  Iter 450/703: Loss 1.5970
  Iter 460/703: Loss 1.5713
  Iter 470/703: Loss 1.1869
  Iter 480/703: Loss 1.5934
  Iter 490/703: Loss 1.5296
  Iter 500/703: Loss 1.5761
  Iter 510/703: Loss 1.6049
  Iter 520/703: Loss 1.3318
  Iter 530/703: Loss 1.6275
  Iter 540/703: Loss 1.4855
  Iter 550/703: Loss 1.4780
  Iter 560/703: Loss 1.2882
  Iter 570/703: Loss 1.3010
  Iter 580/703: Loss 1.3841
  Iter 590/703: Loss 1.6501
  Iter 600/703: Loss 1.3613
  Iter 610/703: Loss 1.6153
  Iter 620/703: Loss 1.3637
  Iter 630/703: Loss 1.5558
  Iter 640/703: Loss 1.6154
  Iter 650/703: Loss 1.7359
  Iter 660/703: Loss 1.4164
  Iter 670/703: Loss 1.5467
  Iter 680/703: Loss 1.4402
  Iter 690/703: Loss 1.2894
  Iter 700/703: Loss 1.8546
Train acc: 0.5990, Test acc: 0.3814

[Epoch 17]
  Iter   0/703: Loss 1.6371
  Iter  10/703: Loss 1.7306
  Iter  20/703: Loss 1.6882
  Iter  30/703: Loss 1.8217
  Iter  40/703: Loss 1.3500
  Iter  50/703: Loss 1.3479
  Iter  60/703: Loss 1.6561
  Iter  70/703: Loss 1.4824
  Iter  80/703: Loss 1.9126
  Iter  90/703: Loss 1.3162
  Iter 100/703: Loss 1.6626
  Iter 110/703: Loss 1.6240
  Iter 120/703: Loss 1.4195
  Iter 130/703: Loss 1.4413
  Iter 140/703: Loss 1.6860
  Iter 150/703: Loss 1.2931
  Iter 160/703: Loss 1.7551
  Iter 170/703: Loss 1.3115
  Iter 180/703: Loss 1.1565
  Iter 190/703: Loss 1.5984
  Iter 200/703: Loss 1.8258
  Iter 210/703: Loss 1.4385
  Iter 220/703: Loss 1.3662
  Iter 230/703: Loss 1.6153
  Iter 240/703: Loss 1.3129
  Iter 250/703: Loss 1.6159
  Iter 260/703: Loss 1.5061
  Iter 270/703: Loss 1.3766
  Iter 280/703: Loss 1.7128
  Iter 290/703: Loss 1.6993
  Iter 300/703: Loss 1.5329
  Iter 310/703: Loss 1.5731
  Iter 320/703: Loss 1.2654
  Iter 330/703: Loss 1.6789
  Iter 340/703: Loss 1.4079
  Iter 350/703: Loss 1.5853
  Iter 360/703: Loss 1.3237
  Iter 370/703: Loss 1.4885
  Iter 380/703: Loss 1.5772
  Iter 390/703: Loss 1.4302
  Iter 400/703: Loss 1.3882
  Iter 410/703: Loss 1.5124
  Iter 420/703: Loss 1.7271
  Iter 430/703: Loss 1.5272
  Iter 440/703: Loss 1.3672
  Iter 450/703: Loss 1.4393
  Iter 460/703: Loss 1.7931
  Iter 470/703: Loss 1.9123
  Iter 480/703: Loss 1.8918
  Iter 490/703: Loss 1.6259
  Iter 500/703: Loss 1.2275
  Iter 510/703: Loss 1.5266
  Iter 520/703: Loss 1.4843
  Iter 530/703: Loss 1.5448
  Iter 540/703: Loss 1.4619
  Iter 550/703: Loss 1.4473
  Iter 560/703: Loss 1.4733
  Iter 570/703: Loss 1.4878
  Iter 580/703: Loss 1.3581
  Iter 590/703: Loss 1.4503
  Iter 600/703: Loss 1.9094
  Iter 610/703: Loss 1.6090
  Iter 620/703: Loss 1.6631
  Iter 630/703: Loss 1.1819
  Iter 640/703: Loss 1.6890
  Iter 650/703: Loss 1.7023
  Iter 660/703: Loss 1.5081
  Iter 670/703: Loss 1.2973
  Iter 680/703: Loss 1.2627
  Iter 690/703: Loss 1.1928
  Iter 700/703: Loss 1.7647
Train acc: 0.5760, Test acc: 0.3710

[Epoch 18]
  Iter   0/703: Loss 1.5036
  Iter  10/703: Loss 1.3233
  Iter  20/703: Loss 1.5087
  Iter  30/703: Loss 1.2718
  Iter  40/703: Loss 1.4530
  Iter  50/703: Loss 1.6536
  Iter  60/703: Loss 1.2995
  Iter  70/703: Loss 1.2515
  Iter  80/703: Loss 1.3509
  Iter  90/703: Loss 1.2645
  Iter 100/703: Loss 1.3155
  Iter 110/703: Loss 1.4030
  Iter 120/703: Loss 1.4630
  Iter 130/703: Loss 1.3452
  Iter 140/703: Loss 1.2967
  Iter 150/703: Loss 1.4773
  Iter 160/703: Loss 1.2567
  Iter 170/703: Loss 1.6961
  Iter 180/703: Loss 1.5168
  Iter 190/703: Loss 1.8400
  Iter 200/703: Loss 1.6832
  Iter 210/703: Loss 1.5904
  Iter 220/703: Loss 1.4983
  Iter 230/703: Loss 1.1322
  Iter 240/703: Loss 1.5287
  Iter 250/703: Loss 1.6105
  Iter 260/703: Loss 1.6654
  Iter 270/703: Loss 1.6840
  Iter 280/703: Loss 1.8579
  Iter 290/703: Loss 1.5230
  Iter 300/703: Loss 1.1399
  Iter 310/703: Loss 1.4866
  Iter 320/703: Loss 1.4977
  Iter 330/703: Loss 1.6825
  Iter 340/703: Loss 1.6072
  Iter 350/703: Loss 1.4764
  Iter 360/703: Loss 1.3546
  Iter 370/703: Loss 1.2985
  Iter 380/703: Loss 1.3363
  Iter 390/703: Loss 1.4053
  Iter 400/703: Loss 1.5079
  Iter 410/703: Loss 1.6130
  Iter 420/703: Loss 1.4603
  Iter 430/703: Loss 1.3770
  Iter 440/703: Loss 1.2986
  Iter 450/703: Loss 1.8915
  Iter 460/703: Loss 1.7041
  Iter 470/703: Loss 1.1895
  Iter 480/703: Loss 1.6079
  Iter 490/703: Loss 1.3778
  Iter 500/703: Loss 1.6600
  Iter 510/703: Loss 1.8117
  Iter 520/703: Loss 1.2538
  Iter 530/703: Loss 1.5685
  Iter 540/703: Loss 1.4667
  Iter 550/703: Loss 1.5932
  Iter 560/703: Loss 1.6525
  Iter 570/703: Loss 1.4335
  Iter 580/703: Loss 1.4037
  Iter 590/703: Loss 1.1836
  Iter 600/703: Loss 1.3836
  Iter 610/703: Loss 1.4109
  Iter 620/703: Loss 1.4588
  Iter 630/703: Loss 1.4445
  Iter 640/703: Loss 1.5049
  Iter 650/703: Loss 1.5742
  Iter 660/703: Loss 1.5234
  Iter 670/703: Loss 1.4761
  Iter 680/703: Loss 1.3482
  Iter 690/703: Loss 1.5284
  Iter 700/703: Loss 1.6987
Train acc: 0.6030, Test acc: 0.3842

[Epoch 19]
  Iter   0/703: Loss 1.7873
  Iter  10/703: Loss 1.1349
  Iter  20/703: Loss 1.4744
  Iter  30/703: Loss 1.2111
  Iter  40/703: Loss 1.3474
  Iter  50/703: Loss 1.7015
  Iter  60/703: Loss 1.3650
  Iter  70/703: Loss 1.5526
  Iter  80/703: Loss 1.6370
  Iter  90/703: Loss 1.3728
  Iter 100/703: Loss 1.1028
  Iter 110/703: Loss 1.4742
  Iter 120/703: Loss 1.5738
  Iter 130/703: Loss 1.6709
  Iter 140/703: Loss 1.3868
  Iter 150/703: Loss 1.3304
  Iter 160/703: Loss 1.3774
  Iter 170/703: Loss 1.1757
  Iter 180/703: Loss 1.2234
  Iter 190/703: Loss 1.9265
  Iter 200/703: Loss 1.4869
  Iter 210/703: Loss 1.3064
  Iter 220/703: Loss 1.2021
  Iter 230/703: Loss 1.2334
  Iter 240/703: Loss 1.5343
  Iter 250/703: Loss 1.2953
  Iter 260/703: Loss 1.4344
  Iter 270/703: Loss 1.7480
  Iter 280/703: Loss 1.3049
  Iter 290/703: Loss 1.3862
  Iter 300/703: Loss 1.4209
  Iter 310/703: Loss 1.4135
  Iter 320/703: Loss 1.4302
  Iter 330/703: Loss 1.5254
  Iter 340/703: Loss 1.3596
  Iter 350/703: Loss 1.3307
  Iter 360/703: Loss 1.0639
  Iter 370/703: Loss 1.3361
  Iter 380/703: Loss 1.3520
  Iter 390/703: Loss 1.5503
  Iter 400/703: Loss 1.2352
  Iter 410/703: Loss 1.3504
  Iter 420/703: Loss 1.4573
  Iter 430/703: Loss 1.3232
  Iter 440/703: Loss 1.4788
  Iter 450/703: Loss 1.4198
  Iter 460/703: Loss 1.3455
  Iter 470/703: Loss 1.3908
  Iter 480/703: Loss 1.5145
  Iter 490/703: Loss 1.3524
  Iter 500/703: Loss 1.5708
  Iter 510/703: Loss 1.4469
  Iter 520/703: Loss 1.1902
  Iter 530/703: Loss 1.3734
  Iter 540/703: Loss 1.3266
  Iter 550/703: Loss 1.4902
  Iter 560/703: Loss 1.5078
  Iter 570/703: Loss 1.4700
  Iter 580/703: Loss 1.5867
  Iter 590/703: Loss 1.1736
  Iter 600/703: Loss 1.3190
  Iter 610/703: Loss 1.1582
  Iter 620/703: Loss 1.4206
  Iter 630/703: Loss 1.2337
  Iter 640/703: Loss 1.0541
  Iter 650/703: Loss 1.4942
  Iter 660/703: Loss 1.3627
  Iter 670/703: Loss 1.6675
  Iter 680/703: Loss 1.4387
  Iter 690/703: Loss 1.3845
  Iter 700/703: Loss 1.4238
Train acc: 0.6340, Test acc: 0.3835

[Epoch 20]
  Iter   0/703: Loss 1.7094
  Iter  10/703: Loss 1.3644
  Iter  20/703: Loss 1.3090
  Iter  30/703: Loss 1.2682
  Iter  40/703: Loss 1.2327
  Iter  50/703: Loss 1.3517
  Iter  60/703: Loss 1.6566
  Iter  70/703: Loss 1.0547
  Iter  80/703: Loss 1.3404
  Iter  90/703: Loss 1.3152
  Iter 100/703: Loss 1.1191
  Iter 110/703: Loss 1.2539
  Iter 120/703: Loss 1.3749
  Iter 130/703: Loss 1.2491
  Iter 140/703: Loss 1.3992
  Iter 150/703: Loss 1.3194
  Iter 160/703: Loss 1.4822
  Iter 170/703: Loss 1.2529
  Iter 180/703: Loss 1.3601
  Iter 190/703: Loss 1.3208
  Iter 200/703: Loss 1.3061
  Iter 210/703: Loss 1.3738
  Iter 220/703: Loss 1.2680
  Iter 230/703: Loss 1.4094
  Iter 240/703: Loss 1.1590
  Iter 250/703: Loss 1.1466
  Iter 260/703: Loss 1.3993
  Iter 270/703: Loss 1.4400
  Iter 280/703: Loss 1.2759
  Iter 290/703: Loss 1.6042
  Iter 300/703: Loss 1.7388
  Iter 310/703: Loss 1.0484
  Iter 320/703: Loss 1.2100
  Iter 330/703: Loss 1.1582
  Iter 340/703: Loss 1.5649
  Iter 350/703: Loss 1.5989
  Iter 360/703: Loss 1.5255
  Iter 370/703: Loss 1.7004
  Iter 380/703: Loss 1.3761
  Iter 390/703: Loss 1.2511
  Iter 400/703: Loss 1.4258
  Iter 410/703: Loss 1.7798
  Iter 420/703: Loss 1.5097
  Iter 430/703: Loss 1.1309
  Iter 440/703: Loss 1.2169
  Iter 450/703: Loss 1.3440
  Iter 460/703: Loss 0.9935
  Iter 470/703: Loss 1.0802
  Iter 480/703: Loss 1.3807
  Iter 490/703: Loss 1.3157
  Iter 500/703: Loss 1.5060
  Iter 510/703: Loss 1.1611
  Iter 520/703: Loss 1.1898
  Iter 530/703: Loss 1.2682
  Iter 540/703: Loss 1.0675
  Iter 550/703: Loss 1.2768
  Iter 560/703: Loss 1.5790
  Iter 570/703: Loss 1.2009
  Iter 580/703: Loss 1.2465
  Iter 590/703: Loss 1.2984
  Iter 600/703: Loss 1.6128
  Iter 610/703: Loss 1.3839
  Iter 620/703: Loss 1.4098
  Iter 630/703: Loss 1.4323
  Iter 640/703: Loss 1.2536
  Iter 650/703: Loss 1.8031
  Iter 660/703: Loss 1.7000
  Iter 670/703: Loss 1.4775
  Iter 680/703: Loss 1.4227
  Iter 690/703: Loss 1.3412
  Iter 700/703: Loss 1.8099
Train acc: 0.6560, Test acc: 0.3793

[Epoch 21]
  Iter   0/703: Loss 1.3710
  Iter  10/703: Loss 1.2090
  Iter  20/703: Loss 1.2224
  Iter  30/703: Loss 1.2505
  Iter  40/703: Loss 1.2022
  Iter  50/703: Loss 1.5665
  Iter  60/703: Loss 1.3583
  Iter  70/703: Loss 1.2760
  Iter  80/703: Loss 1.4516
  Iter  90/703: Loss 1.5250
  Iter 100/703: Loss 1.0790
  Iter 110/703: Loss 1.5728
  Iter 120/703: Loss 1.2632
  Iter 130/703: Loss 1.2038
  Iter 140/703: Loss 1.2110
  Iter 150/703: Loss 1.2028
  Iter 160/703: Loss 1.2818
  Iter 170/703: Loss 1.8286
  Iter 180/703: Loss 1.0849
  Iter 190/703: Loss 1.2860
  Iter 200/703: Loss 1.2370
  Iter 210/703: Loss 1.6082
  Iter 220/703: Loss 1.1682
  Iter 230/703: Loss 1.2571
  Iter 240/703: Loss 1.1954
  Iter 250/703: Loss 1.4693
  Iter 260/703: Loss 1.2674
  Iter 270/703: Loss 1.4118
  Iter 280/703: Loss 1.3268
  Iter 290/703: Loss 1.2227
  Iter 300/703: Loss 1.3361
  Iter 310/703: Loss 1.2899
  Iter 320/703: Loss 1.1714
  Iter 330/703: Loss 1.6136
  Iter 340/703: Loss 1.6316
  Iter 350/703: Loss 1.2307
  Iter 360/703: Loss 1.3233
  Iter 370/703: Loss 1.2557
  Iter 380/703: Loss 1.3141
  Iter 390/703: Loss 1.0928
  Iter 400/703: Loss 1.2167
  Iter 410/703: Loss 1.1398
  Iter 420/703: Loss 0.9973
  Iter 430/703: Loss 1.4174
  Iter 440/703: Loss 1.3029
  Iter 450/703: Loss 1.2742
  Iter 460/703: Loss 1.0255
  Iter 470/703: Loss 1.2709
  Iter 480/703: Loss 1.0559
  Iter 490/703: Loss 1.6276
  Iter 500/703: Loss 1.3333
  Iter 510/703: Loss 1.0507
  Iter 520/703: Loss 1.2845
  Iter 530/703: Loss 1.2921
  Iter 540/703: Loss 1.3995
  Iter 550/703: Loss 1.2510
  Iter 560/703: Loss 1.2963
  Iter 570/703: Loss 1.1352
  Iter 580/703: Loss 1.2783
  Iter 590/703: Loss 1.4513
  Iter 600/703: Loss 1.1334
  Iter 610/703: Loss 1.0636
  Iter 620/703: Loss 1.2816
  Iter 630/703: Loss 1.3018
  Iter 640/703: Loss 1.7256
  Iter 650/703: Loss 1.1310
  Iter 660/703: Loss 1.1489
  Iter 670/703: Loss 1.4197
  Iter 680/703: Loss 1.5062
  Iter 690/703: Loss 1.2703
  Iter 700/703: Loss 1.1072
Train acc: 0.6770, Test acc: 0.3777

[Epoch 22]
  Iter   0/703: Loss 1.3746
  Iter  10/703: Loss 1.3332
  Iter  20/703: Loss 1.2733
  Iter  30/703: Loss 1.3567
  Iter  40/703: Loss 1.1245
  Iter  50/703: Loss 1.3254
  Iter  60/703: Loss 1.6174
  Iter  70/703: Loss 1.3381
  Iter  80/703: Loss 1.0524
  Iter  90/703: Loss 1.4223
  Iter 100/703: Loss 1.3364
  Iter 110/703: Loss 0.9715
  Iter 120/703: Loss 1.3297
  Iter 130/703: Loss 1.4567
  Iter 140/703: Loss 0.9643
  Iter 150/703: Loss 1.3522
  Iter 160/703: Loss 1.0062
  Iter 170/703: Loss 1.3747
  Iter 180/703: Loss 1.3020
  Iter 190/703: Loss 1.1196
  Iter 200/703: Loss 1.4522
  Iter 210/703: Loss 1.4580
  Iter 220/703: Loss 1.2603
  Iter 230/703: Loss 1.4595
  Iter 240/703: Loss 1.1214
  Iter 250/703: Loss 1.1959
  Iter 260/703: Loss 1.2086
  Iter 270/703: Loss 1.2349
  Iter 280/703: Loss 1.3820
  Iter 290/703: Loss 1.3235
  Iter 300/703: Loss 0.9974
  Iter 310/703: Loss 1.2244
  Iter 320/703: Loss 1.0158
  Iter 330/703: Loss 1.2558
  Iter 340/703: Loss 1.6169
  Iter 350/703: Loss 1.1973
  Iter 360/703: Loss 1.2289
  Iter 370/703: Loss 1.4259
  Iter 380/703: Loss 1.0954
  Iter 390/703: Loss 1.3255
  Iter 400/703: Loss 1.3359
  Iter 410/703: Loss 1.2337
  Iter 420/703: Loss 1.1272
  Iter 430/703: Loss 1.3582
  Iter 440/703: Loss 0.9364
  Iter 450/703: Loss 1.0828
  Iter 460/703: Loss 1.3032
  Iter 470/703: Loss 1.4930
  Iter 480/703: Loss 1.2576
  Iter 490/703: Loss 1.2818
  Iter 500/703: Loss 1.2173
  Iter 510/703: Loss 1.6320
  Iter 520/703: Loss 0.9495
  Iter 530/703: Loss 1.1888
  Iter 540/703: Loss 1.1836
  Iter 550/703: Loss 1.0112
  Iter 560/703: Loss 1.0897
  Iter 570/703: Loss 1.3894
  Iter 580/703: Loss 1.3113
  Iter 590/703: Loss 1.3725
  Iter 600/703: Loss 0.9893
  Iter 610/703: Loss 1.3510
  Iter 620/703: Loss 0.9066
  Iter 630/703: Loss 1.0251
  Iter 640/703: Loss 1.1938
  Iter 650/703: Loss 1.2250
  Iter 660/703: Loss 1.2548
  Iter 670/703: Loss 1.2203
  Iter 680/703: Loss 1.3882
  Iter 690/703: Loss 1.1849
  Iter 700/703: Loss 1.0891
Train acc: 0.6970, Test acc: 0.3816

[Epoch 23]
  Iter   0/703: Loss 1.2359
  Iter  10/703: Loss 1.3306
  Iter  20/703: Loss 1.3485
  Iter  30/703: Loss 1.1073
  Iter  40/703: Loss 1.3051
  Iter  50/703: Loss 1.4953
  Iter  60/703: Loss 1.2058
  Iter  70/703: Loss 1.3527
  Iter  80/703: Loss 1.4433
  Iter  90/703: Loss 1.0096
  Iter 100/703: Loss 0.9107
  Iter 110/703: Loss 1.3046
  Iter 120/703: Loss 1.4639
  Iter 130/703: Loss 1.2406
  Iter 140/703: Loss 1.1321
  Iter 150/703: Loss 1.1539
  Iter 160/703: Loss 1.1159
  Iter 170/703: Loss 1.0141
  Iter 180/703: Loss 1.4666
  Iter 190/703: Loss 1.3298
  Iter 200/703: Loss 1.2675
  Iter 210/703: Loss 1.0598
  Iter 220/703: Loss 1.2286
  Iter 230/703: Loss 1.2443
  Iter 240/703: Loss 1.6476
  Iter 250/703: Loss 1.1041
  Iter 260/703: Loss 1.3047
  Iter 270/703: Loss 1.2618
  Iter 280/703: Loss 1.2526
  Iter 290/703: Loss 1.1443
  Iter 300/703: Loss 1.4036
  Iter 310/703: Loss 1.0402
  Iter 320/703: Loss 1.4556
  Iter 330/703: Loss 1.2344
  Iter 340/703: Loss 1.2174
  Iter 350/703: Loss 1.4558
  Iter 360/703: Loss 1.2743
  Iter 370/703: Loss 1.2385
  Iter 380/703: Loss 1.2863
  Iter 390/703: Loss 1.1009
  Iter 400/703: Loss 1.1590
  Iter 410/703: Loss 1.1656
  Iter 420/703: Loss 1.5332
  Iter 430/703: Loss 1.2262
  Iter 440/703: Loss 1.1082
  Iter 450/703: Loss 1.3217
  Iter 460/703: Loss 1.3637
  Iter 470/703: Loss 1.1384
  Iter 480/703: Loss 0.9770
  Iter 490/703: Loss 1.1386
  Iter 500/703: Loss 1.0552
  Iter 510/703: Loss 1.2421
  Iter 520/703: Loss 1.4100
  Iter 530/703: Loss 1.1845
  Iter 540/703: Loss 1.2774
  Iter 550/703: Loss 1.2027
  Iter 560/703: Loss 1.2359
  Iter 570/703: Loss 1.8066
  Iter 580/703: Loss 1.0523
  Iter 590/703: Loss 1.5429
  Iter 600/703: Loss 1.3038
  Iter 610/703: Loss 0.9730
  Iter 620/703: Loss 1.4875
  Iter 630/703: Loss 1.1009
  Iter 640/703: Loss 1.2123
  Iter 650/703: Loss 1.3287
  Iter 660/703: Loss 1.2557
  Iter 670/703: Loss 1.2903
  Iter 680/703: Loss 1.0521
  Iter 690/703: Loss 1.1412
  Iter 700/703: Loss 1.3136
Train acc: 0.7110, Test acc: 0.3744

[Epoch 24]
  Iter   0/703: Loss 1.3493
  Iter  10/703: Loss 1.4815
  Iter  20/703: Loss 1.1626
  Iter  30/703: Loss 1.2122
  Iter  40/703: Loss 1.0937
  Iter  50/703: Loss 1.2584
  Iter  60/703: Loss 1.2894
  Iter  70/703: Loss 0.9919
  Iter  80/703: Loss 0.8374
  Iter  90/703: Loss 1.0936
  Iter 100/703: Loss 1.2200
  Iter 110/703: Loss 1.2532
  Iter 120/703: Loss 1.1900
  Iter 130/703: Loss 1.1130
  Iter 140/703: Loss 1.3376
  Iter 150/703: Loss 1.3103
  Iter 160/703: Loss 1.3468
  Iter 170/703: Loss 1.1823
  Iter 180/703: Loss 1.0595
  Iter 190/703: Loss 1.2073
  Iter 200/703: Loss 1.1968
  Iter 210/703: Loss 1.1988
  Iter 220/703: Loss 1.0563
  Iter 230/703: Loss 1.0112
  Iter 240/703: Loss 1.3369
  Iter 250/703: Loss 1.1626
  Iter 260/703: Loss 1.1535
  Iter 270/703: Loss 1.2632
  Iter 280/703: Loss 0.9665
  Iter 290/703: Loss 1.3469
  Iter 300/703: Loss 1.1370
  Iter 310/703: Loss 0.9308
  Iter 320/703: Loss 1.1719
  Iter 330/703: Loss 1.2187
  Iter 340/703: Loss 0.9311
  Iter 350/703: Loss 1.2295
  Iter 360/703: Loss 1.1680
  Iter 370/703: Loss 1.0957
  Iter 380/703: Loss 0.8344
  Iter 390/703: Loss 0.9963
  Iter 400/703: Loss 1.2970
  Iter 410/703: Loss 1.1344
  Iter 420/703: Loss 1.2157
  Iter 430/703: Loss 0.9309
  Iter 440/703: Loss 1.2986
  Iter 450/703: Loss 1.0651
  Iter 460/703: Loss 1.1257
  Iter 470/703: Loss 1.0090
  Iter 480/703: Loss 1.3057
  Iter 490/703: Loss 1.0422
  Iter 500/703: Loss 0.9943
  Iter 510/703: Loss 1.2002
  Iter 520/703: Loss 1.2331
  Iter 530/703: Loss 1.4025
  Iter 540/703: Loss 1.1680
  Iter 550/703: Loss 1.1771
  Iter 560/703: Loss 1.5068
  Iter 570/703: Loss 1.1049
  Iter 580/703: Loss 1.4412
  Iter 590/703: Loss 1.1500
  Iter 600/703: Loss 1.1519
  Iter 610/703: Loss 1.5277
  Iter 620/703: Loss 0.8967
  Iter 630/703: Loss 1.2093
  Iter 640/703: Loss 1.2920
  Iter 650/703: Loss 0.9209
  Iter 660/703: Loss 1.0899
  Iter 670/703: Loss 1.1318
  Iter 680/703: Loss 1.1676
  Iter 690/703: Loss 1.4949
  Iter 700/703: Loss 0.9675
Train acc: 0.7030, Test acc: 0.3846

[Epoch 25]
  Iter   0/703: Loss 1.0774
  Iter  10/703: Loss 1.3141
  Iter  20/703: Loss 1.0865
  Iter  30/703: Loss 1.3360
  Iter  40/703: Loss 0.9205
  Iter  50/703: Loss 1.1017
  Iter  60/703: Loss 1.5392
  Iter  70/703: Loss 1.1589
  Iter  80/703: Loss 1.2666
  Iter  90/703: Loss 1.0482
  Iter 100/703: Loss 0.8318
  Iter 110/703: Loss 0.8888
  Iter 120/703: Loss 1.1437
  Iter 130/703: Loss 1.0729
  Iter 140/703: Loss 1.1526
  Iter 150/703: Loss 1.2939
  Iter 160/703: Loss 1.0626
  Iter 170/703: Loss 0.9988
  Iter 180/703: Loss 0.6624
  Iter 190/703: Loss 1.3367
  Iter 200/703: Loss 1.3989
  Iter 210/703: Loss 1.1305
  Iter 220/703: Loss 0.9646
  Iter 230/703: Loss 0.8116
  Iter 240/703: Loss 1.0476
  Iter 250/703: Loss 1.2235
  Iter 260/703: Loss 1.1907
  Iter 270/703: Loss 1.1796
  Iter 280/703: Loss 0.8076
  Iter 290/703: Loss 1.1120
  Iter 300/703: Loss 1.0403
  Iter 310/703: Loss 0.8857
  Iter 320/703: Loss 0.9627
  Iter 330/703: Loss 1.1086
  Iter 340/703: Loss 1.2495
  Iter 350/703: Loss 1.1029
  Iter 360/703: Loss 0.9406
  Iter 370/703: Loss 0.9411
  Iter 380/703: Loss 1.0628
  Iter 390/703: Loss 1.0574
  Iter 400/703: Loss 0.8289
  Iter 410/703: Loss 1.0522
  Iter 420/703: Loss 1.7232
  Iter 430/703: Loss 1.0239
  Iter 440/703: Loss 1.0655
  Iter 450/703: Loss 0.9771
  Iter 460/703: Loss 1.4816
  Iter 470/703: Loss 1.0864
  Iter 480/703: Loss 0.8843
  Iter 490/703: Loss 1.0807
  Iter 500/703: Loss 1.0524
  Iter 510/703: Loss 1.3571
  Iter 520/703: Loss 1.1222
  Iter 530/703: Loss 0.9603
  Iter 540/703: Loss 0.8445
  Iter 550/703: Loss 0.9292
  Iter 560/703: Loss 1.2794
  Iter 570/703: Loss 1.0745
  Iter 580/703: Loss 1.2082
  Iter 590/703: Loss 1.2447
  Iter 600/703: Loss 0.9426
  Iter 610/703: Loss 1.0387
  Iter 620/703: Loss 0.8333
  Iter 630/703: Loss 1.1177
  Iter 640/703: Loss 1.2893
  Iter 650/703: Loss 1.0060
  Iter 660/703: Loss 1.1905
  Iter 670/703: Loss 1.2228
  Iter 680/703: Loss 0.9962
  Iter 690/703: Loss 1.1387
  Iter 700/703: Loss 1.5441
Train acc: 0.7160, Test acc: 0.3722

[Epoch 26]
  Iter   0/703: Loss 1.0575
  Iter  10/703: Loss 1.1463
  Iter  20/703: Loss 0.7794
  Iter  30/703: Loss 1.0672
  Iter  40/703: Loss 1.1235
  Iter  50/703: Loss 1.6232
  Iter  60/703: Loss 1.1589
  Iter  70/703: Loss 0.9274
  Iter  80/703: Loss 1.1044
  Iter  90/703: Loss 1.0852
  Iter 100/703: Loss 1.0409
  Iter 110/703: Loss 1.1384
  Iter 120/703: Loss 1.1149
  Iter 130/703: Loss 1.1148
  Iter 140/703: Loss 1.2221
  Iter 150/703: Loss 1.1089
  Iter 160/703: Loss 0.9860
  Iter 170/703: Loss 1.0013
  Iter 180/703: Loss 1.1368
  Iter 190/703: Loss 1.1547
  Iter 200/703: Loss 1.2472
  Iter 210/703: Loss 0.9239
  Iter 220/703: Loss 1.0219
  Iter 230/703: Loss 0.9795
  Iter 240/703: Loss 1.3170
  Iter 250/703: Loss 1.1323
  Iter 260/703: Loss 0.9379
  Iter 270/703: Loss 0.8958
  Iter 280/703: Loss 1.0962
  Iter 290/703: Loss 1.0930
  Iter 300/703: Loss 1.0737
  Iter 310/703: Loss 1.1250
  Iter 320/703: Loss 1.1779
  Iter 330/703: Loss 1.1121
  Iter 340/703: Loss 1.0175
  Iter 350/703: Loss 0.7785
  Iter 360/703: Loss 1.3092
  Iter 370/703: Loss 1.1505
  Iter 380/703: Loss 1.3462
  Iter 390/703: Loss 1.1099
  Iter 400/703: Loss 0.8778
  Iter 410/703: Loss 0.9226
  Iter 420/703: Loss 0.9230
  Iter 430/703: Loss 0.9649
  Iter 440/703: Loss 0.9452
  Iter 450/703: Loss 1.0398
  Iter 460/703: Loss 0.9808
  Iter 470/703: Loss 0.9341
  Iter 480/703: Loss 1.1299
  Iter 490/703: Loss 1.1847
  Iter 500/703: Loss 1.1845
  Iter 510/703: Loss 1.2465
  Iter 520/703: Loss 0.9064
  Iter 530/703: Loss 0.9423
  Iter 540/703: Loss 0.9375
  Iter 550/703: Loss 1.0832
  Iter 560/703: Loss 1.3695
  Iter 570/703: Loss 1.2447
  Iter 580/703: Loss 1.1039
  Iter 590/703: Loss 1.2080
  Iter 600/703: Loss 0.8661
  Iter 610/703: Loss 0.8386
  Iter 620/703: Loss 0.9773
  Iter 630/703: Loss 1.0333
  Iter 640/703: Loss 1.1575
  Iter 650/703: Loss 1.5036
  Iter 660/703: Loss 0.9668
  Iter 670/703: Loss 1.0019
  Iter 680/703: Loss 0.9482
  Iter 690/703: Loss 1.0738
  Iter 700/703: Loss 1.4150
Train acc: 0.7280, Test acc: 0.3760

[Epoch 27]
  Iter   0/703: Loss 1.2935
  Iter  10/703: Loss 1.1503
  Iter  20/703: Loss 1.1068
  Iter  30/703: Loss 0.5346
  Iter  40/703: Loss 1.0823
  Iter  50/703: Loss 1.0910
  Iter  60/703: Loss 0.9652
  Iter  70/703: Loss 1.2299
  Iter  80/703: Loss 0.6885
  Iter  90/703: Loss 0.9716
  Iter 100/703: Loss 1.0753
  Iter 110/703: Loss 1.0262
  Iter 120/703: Loss 1.0424
  Iter 130/703: Loss 1.1101
  Iter 140/703: Loss 1.3305
  Iter 150/703: Loss 1.1168
  Iter 160/703: Loss 1.2722
  Iter 170/703: Loss 0.7965
  Iter 180/703: Loss 1.3882
  Iter 190/703: Loss 1.0502
  Iter 200/703: Loss 1.0146
  Iter 210/703: Loss 0.8739
  Iter 220/703: Loss 0.7959
  Iter 230/703: Loss 1.3414
  Iter 240/703: Loss 0.9182
  Iter 250/703: Loss 0.8888
  Iter 260/703: Loss 0.8896
  Iter 270/703: Loss 0.9098
  Iter 280/703: Loss 1.1351
  Iter 290/703: Loss 0.9595
  Iter 300/703: Loss 1.0918
  Iter 310/703: Loss 0.9051
  Iter 320/703: Loss 1.1554
  Iter 330/703: Loss 0.9315
  Iter 340/703: Loss 1.0961
  Iter 350/703: Loss 0.8578
  Iter 360/703: Loss 1.1403
  Iter 370/703: Loss 0.9003
  Iter 380/703: Loss 1.2684
  Iter 390/703: Loss 1.2694
  Iter 400/703: Loss 1.1465
  Iter 410/703: Loss 0.9510
  Iter 420/703: Loss 0.8847
  Iter 430/703: Loss 1.0333
  Iter 440/703: Loss 1.1817
  Iter 450/703: Loss 0.9483
  Iter 460/703: Loss 0.9262
  Iter 470/703: Loss 1.0150
  Iter 480/703: Loss 0.9420
  Iter 490/703: Loss 0.9475
  Iter 500/703: Loss 1.1320
  Iter 510/703: Loss 0.9407
  Iter 520/703: Loss 1.1706
  Iter 530/703: Loss 0.9326
  Iter 540/703: Loss 1.0009
  Iter 550/703: Loss 1.0889
  Iter 560/703: Loss 1.0022
  Iter 570/703: Loss 0.9647
  Iter 580/703: Loss 0.9486
  Iter 590/703: Loss 0.9433
  Iter 600/703: Loss 1.0941
  Iter 610/703: Loss 1.0353
  Iter 620/703: Loss 0.6698
  Iter 630/703: Loss 1.2015
  Iter 640/703: Loss 1.2375
  Iter 650/703: Loss 0.8064
  Iter 660/703: Loss 0.9273
  Iter 670/703: Loss 1.1377
  Iter 680/703: Loss 1.1237
  Iter 690/703: Loss 1.1023
  Iter 700/703: Loss 1.3852
Train acc: 0.7540, Test acc: 0.3682

[Epoch 28]
  Iter   0/703: Loss 1.3053
  Iter  10/703: Loss 1.1424
  Iter  20/703: Loss 0.9926
  Iter  30/703: Loss 1.1682
  Iter  40/703: Loss 0.8188
  Iter  50/703: Loss 1.0479
  Iter  60/703: Loss 0.8352
  Iter  70/703: Loss 1.0152
  Iter  80/703: Loss 1.0109
  Iter  90/703: Loss 0.9552
  Iter 100/703: Loss 1.0601
  Iter 110/703: Loss 0.9236
  Iter 120/703: Loss 0.9406
  Iter 130/703: Loss 1.0795
  Iter 140/703: Loss 1.0680
  Iter 150/703: Loss 0.8672
  Iter 160/703: Loss 0.9917
  Iter 170/703: Loss 1.0652
  Iter 180/703: Loss 0.7373
  Iter 190/703: Loss 0.9318
  Iter 200/703: Loss 1.2367
  Iter 210/703: Loss 0.9901
  Iter 220/703: Loss 0.8796
  Iter 230/703: Loss 1.0322
  Iter 240/703: Loss 0.8184
  Iter 250/703: Loss 0.8317
  Iter 260/703: Loss 1.1064
  Iter 270/703: Loss 0.6595
  Iter 280/703: Loss 1.0020
  Iter 290/703: Loss 1.1208
  Iter 300/703: Loss 1.0760
  Iter 310/703: Loss 0.8988
  Iter 320/703: Loss 1.2729
  Iter 330/703: Loss 0.6125
  Iter 340/703: Loss 0.8483
  Iter 350/703: Loss 0.7781
  Iter 360/703: Loss 1.0610
  Iter 370/703: Loss 1.1562
  Iter 380/703: Loss 1.2409
  Iter 390/703: Loss 0.9829
  Iter 400/703: Loss 0.5390
  Iter 410/703: Loss 0.8103
  Iter 420/703: Loss 1.0729
  Iter 430/703: Loss 0.8128
  Iter 440/703: Loss 1.1864
  Iter 450/703: Loss 1.1961
  Iter 460/703: Loss 0.9227
  Iter 470/703: Loss 0.9460
  Iter 480/703: Loss 0.9389
  Iter 490/703: Loss 1.1436
  Iter 500/703: Loss 0.8722
  Iter 510/703: Loss 1.2540
  Iter 520/703: Loss 1.1431
  Iter 530/703: Loss 0.7270
  Iter 540/703: Loss 1.0052
  Iter 550/703: Loss 1.0297
  Iter 560/703: Loss 0.9740
  Iter 570/703: Loss 0.8236
  Iter 580/703: Loss 0.7706
  Iter 590/703: Loss 1.4651
  Iter 600/703: Loss 1.3055
  Iter 610/703: Loss 0.9197
  Iter 620/703: Loss 0.9274
  Iter 630/703: Loss 1.0360
  Iter 640/703: Loss 1.1774
  Iter 650/703: Loss 0.9024
  Iter 660/703: Loss 1.0973
  Iter 670/703: Loss 0.9026
  Iter 680/703: Loss 1.1666
  Iter 690/703: Loss 0.8638
  Iter 700/703: Loss 1.0588
Train acc: 0.7470, Test acc: 0.3721

[Epoch 29]
  Iter   0/703: Loss 0.9981
  Iter  10/703: Loss 0.8550
  Iter  20/703: Loss 1.1838
  Iter  30/703: Loss 0.8614
  Iter  40/703: Loss 0.9497
  Iter  50/703: Loss 1.1683
  Iter  60/703: Loss 0.8570
  Iter  70/703: Loss 0.8663
  Iter  80/703: Loss 0.8821
  Iter  90/703: Loss 0.8506
  Iter 100/703: Loss 0.9679
  Iter 110/703: Loss 0.8441
  Iter 120/703: Loss 1.0100
  Iter 130/703: Loss 1.2336
  Iter 140/703: Loss 1.0474
  Iter 150/703: Loss 0.8561
  Iter 160/703: Loss 1.1797
  Iter 170/703: Loss 1.1861
  Iter 180/703: Loss 1.0341
  Iter 190/703: Loss 1.1123
  Iter 200/703: Loss 0.8546
  Iter 210/703: Loss 0.7815
  Iter 220/703: Loss 0.8245
  Iter 230/703: Loss 0.9533
  Iter 240/703: Loss 0.8517
  Iter 250/703: Loss 0.8757
  Iter 260/703: Loss 1.2653
  Iter 270/703: Loss 0.9666
  Iter 280/703: Loss 1.1622
  Iter 290/703: Loss 0.8786
  Iter 300/703: Loss 0.9881
  Iter 310/703: Loss 1.1156
  Iter 320/703: Loss 0.9043
  Iter 330/703: Loss 0.9185
  Iter 340/703: Loss 0.7795
  Iter 350/703: Loss 0.8900
  Iter 360/703: Loss 0.8490
  Iter 370/703: Loss 1.0561
  Iter 380/703: Loss 0.6565
  Iter 390/703: Loss 0.6718
  Iter 400/703: Loss 0.9573
  Iter 410/703: Loss 0.9577
  Iter 420/703: Loss 1.1173
  Iter 430/703: Loss 0.8553
  Iter 440/703: Loss 1.0543
  Iter 450/703: Loss 1.1182
  Iter 460/703: Loss 0.8125
  Iter 470/703: Loss 0.9692
  Iter 480/703: Loss 1.0331
  Iter 490/703: Loss 0.8440
  Iter 500/703: Loss 0.8663
  Iter 510/703: Loss 0.9721
  Iter 520/703: Loss 0.9582
  Iter 530/703: Loss 1.3073
  Iter 540/703: Loss 1.0421
  Iter 550/703: Loss 0.8807
  Iter 560/703: Loss 0.8315
  Iter 570/703: Loss 0.5994
  Iter 580/703: Loss 0.8722
  Iter 590/703: Loss 0.8099
  Iter 600/703: Loss 0.9157
  Iter 610/703: Loss 0.9517
  Iter 620/703: Loss 1.1172
  Iter 630/703: Loss 0.7704
  Iter 640/703: Loss 0.9288
  Iter 650/703: Loss 0.6860
  Iter 660/703: Loss 0.8395
  Iter 670/703: Loss 1.1416
  Iter 680/703: Loss 0.9374
  Iter 690/703: Loss 0.5956
  Iter 700/703: Loss 1.0458
Train acc: 0.7610, Test acc: 0.3648

[Epoch 30]
  Iter   0/703: Loss 1.1081
  Iter  10/703: Loss 1.1994
  Iter  20/703: Loss 0.6657
  Iter  30/703: Loss 1.0261
  Iter  40/703: Loss 0.8823
  Iter  50/703: Loss 1.1811
  Iter  60/703: Loss 1.1652
  Iter  70/703: Loss 0.7506
  Iter  80/703: Loss 1.0150
  Iter  90/703: Loss 1.0724
  Iter 100/703: Loss 0.7564
  Iter 110/703: Loss 0.8080
  Iter 120/703: Loss 0.8306
  Iter 130/703: Loss 0.8856
  Iter 140/703: Loss 1.0546
  Iter 150/703: Loss 0.9225
  Iter 160/703: Loss 0.9517
  Iter 170/703: Loss 0.7140
  Iter 180/703: Loss 0.8521
  Iter 190/703: Loss 1.0407
  Iter 200/703: Loss 0.9173
  Iter 210/703: Loss 0.9050
  Iter 220/703: Loss 1.0227
  Iter 230/703: Loss 0.8079
  Iter 240/703: Loss 1.0076
  Iter 250/703: Loss 0.7326
  Iter 260/703: Loss 1.0041
  Iter 270/703: Loss 0.8075
  Iter 280/703: Loss 0.9452
  Iter 290/703: Loss 0.7431
  Iter 300/703: Loss 0.8953
  Iter 310/703: Loss 0.7819
  Iter 320/703: Loss 0.9454
  Iter 330/703: Loss 0.8125
  Iter 340/703: Loss 1.0249
  Iter 350/703: Loss 0.9156
  Iter 360/703: Loss 1.0230
  Iter 370/703: Loss 0.9400
  Iter 380/703: Loss 1.0961
  Iter 390/703: Loss 0.8129
  Iter 400/703: Loss 0.8294
  Iter 410/703: Loss 0.8777
  Iter 420/703: Loss 0.6367
  Iter 430/703: Loss 0.8115
  Iter 440/703: Loss 0.8991
  Iter 450/703: Loss 0.8856
  Iter 460/703: Loss 0.7831
  Iter 470/703: Loss 0.9591
  Iter 480/703: Loss 1.1139
  Iter 490/703: Loss 0.9006
  Iter 500/703: Loss 1.0782
  Iter 510/703: Loss 0.8736
  Iter 520/703: Loss 0.6637
  Iter 530/703: Loss 0.7172
  Iter 540/703: Loss 0.9019
  Iter 550/703: Loss 0.6478
  Iter 560/703: Loss 1.0257
  Iter 570/703: Loss 0.7724
  Iter 580/703: Loss 0.9949
  Iter 590/703: Loss 0.9768
  Iter 600/703: Loss 0.9311
  Iter 610/703: Loss 0.7500
  Iter 620/703: Loss 1.1167
  Iter 630/703: Loss 1.1429
  Iter 640/703: Loss 0.7289
  Iter 650/703: Loss 0.8269
  Iter 660/703: Loss 0.9553
  Iter 690/703: Loss 0.7850
  Iter 700/703: Loss 1.1273
Train acc: 0.7810, Test acc: 0.3773

